<?xml version="1.0" encoding="UTF-8"?>
<!-- Generated by org.testng.reporters.JUnitReportReporter -->
<testsuite hostname="DESKTOP-M7RKJRL" failures="0" tests="3" name="rahulshettyacademyMavenPractice.SeleniumFrameworkDesignMaven.StandAloneTest2POM" time="99.076" errors="0" timestamp="2023-12-22T14:22:24 GMT-05:00" skipped="0">
  <testcase classname="rahulshettyacademyMavenPractice.SeleniumFrameworkDesignMaven.StandAloneTest2POM" name="OrderHistoryTest" time="6.568"/>
  <testcase classname="rahulshettyacademyMavenPractice.SeleniumFrameworkDesignMaven.StandAloneTest2POM" name="submitOrder" time="45.586"/>
  <testcase classname="rahulshettyacademyMavenPractice.SeleniumFrameworkDesignMaven.StandAloneTest2POM" name="submitOrder" time="46.922"/>
</testsuite> <!-- rahulshettyacademyMavenPractice.SeleniumFrameworkDesignMaven.StandAloneTest2POM -->
