<?xml version="1.0" encoding="UTF-8"?>
<!-- Generated by org.testng.reporters.JUnitReportReporter -->
<testsuite hostname="DESKTOP-M7RKJRL" failures="0" tests="1" name="rahulshettyacademyMavenPractice.SeleniumFrameworkDesignMaven.ErrorValidation" time="7.651" errors="0" timestamp="2023-12-15T12:17:33 GMT-05:00" skipped="0">
  <testcase classname="rahulshettyacademyMavenPractice.SeleniumFrameworkDesignMaven.ErrorValidation" name="submitOrder" time="7.651"/>
</testsuite> <!-- rahulshettyacademyMavenPractice.SeleniumFrameworkDesignMaven.ErrorValidation -->
